<?xml version="1.0" encoding="UTF-8"?>
<testsuites name="Mocha Tests" time="7.278" tests="1" failures="1">
  <testsuite name="Root Suite" timestamp="2026-02-01T18:04:31" tests="0" file="cypress\e2e\nota_fiscal.cy.js" time="0.000" failures="0">
  </testsuite>
  <testsuite name="Verificação de Dados da Nota Fiscal" timestamp="2026-02-01T18:04:31" tests="1" time="7.265" failures="1">
    <testcase name="Verificação de Dados da Nota Fiscal Deve gerar a nota fiscal com os valores corretos após o pagamento" time="0.000" classname="Deve gerar a nota fiscal com os valores corretos após o pagamento">
      <failure message="Timed out retrying after 4000ms: Expected to find element: `.product-price`, but never found it." type="AssertionError"><![CDATA[AssertionError: Timed out retrying after 4000ms: Expected to find element: `.product-price`, but never found it.
    at Context.eval (webpack://testes-automatizados/./cypress/e2e/nota_fiscal.cy.js:24:11)]]></failure>
    </testcase>
  </testsuite>
</testsuites>